c:\users\darragh\dropbox\vs2013 projects\universalturingmachine\universalturingmachine\debug\vc120.pdb
c:\users\darragh\dropbox\vs2013 projects\universalturingmachine\universalturingmachine\debug\vc120.idb
c:\users\darragh\dropbox\vs2013 projects\universalturingmachine\universalturingmachine\debug\main.obj
c:\users\darragh\dropbox\vs2013 projects\universalturingmachine\universalturingmachine\debug\quintuple.obj
c:\users\darragh\dropbox\vs2013 projects\universalturingmachine\universalturingmachine\debug\stategroup.obj
c:\users\darragh\dropbox\vs2013 projects\universalturingmachine\universalturingmachine\debug\turingmachine.obj
c:\users\darragh\documents\github\universal-turing-machine\universalturingmachine\universalturingmachine\debug\vc120.pdb
c:\users\darragh\documents\github\universal-turing-machine\universalturingmachine\universalturingmachine\debug\vc120.idb
c:\users\darragh\documents\github\universal-turing-machine\universalturingmachine\universalturingmachine\debug\main.obj
c:\users\darragh\documents\github\universal-turing-machine\universalturingmachine\universalturingmachine\debug\quintuple.obj
c:\users\darragh\documents\github\universal-turing-machine\universalturingmachine\universalturingmachine\debug\stategroup.obj
c:\users\darragh\documents\github\universal-turing-machine\universalturingmachine\universalturingmachine\debug\turingmachine.obj
c:\users\darragh\dropbox\vs2013 projects\universalturingmachine\debug\universalturingmachine.ilk
c:\users\darragh\dropbox\vs2013 projects\universalturingmachine\debug\universalturingmachine.exe
c:\users\darragh\dropbox\vs2013 projects\universalturingmachine\debug\universalturingmachine.pdb
c:\users\darragh\documents\github\universal-turing-machine\universalturingmachine\debug\turing.pdb
c:\users\darragh\documents\github\universal-turing-machine\universalturingmachine\debug\turing.exe
c:\users\darragh\documents\github\universal-turing-machine\universalturingmachine\debug\turing.ilk
c:\users\darragh\documents\github\universal-turing-machine\universalturingmachine\universalturingmachine\debug\universa.f612d1b7.tlog\cl.command.1.tlog
c:\users\darragh\documents\github\universal-turing-machine\universalturingmachine\universalturingmachine\debug\universa.f612d1b7.tlog\cl.read.1.tlog
c:\users\darragh\documents\github\universal-turing-machine\universalturingmachine\universalturingmachine\debug\universa.f612d1b7.tlog\cl.write.1.tlog
c:\users\darragh\documents\github\universal-turing-machine\universalturingmachine\universalturingmachine\debug\universa.f612d1b7.tlog\link.command.1.tlog
c:\users\darragh\documents\github\universal-turing-machine\universalturingmachine\universalturingmachine\debug\universa.f612d1b7.tlog\link.read.1.tlog
c:\users\darragh\documents\github\universal-turing-machine\universalturingmachine\universalturingmachine\debug\universa.f612d1b7.tlog\link.write.1.tlog
